#
# There is insufficient memory for the Java Runtime Environment to continue.
# Native memory allocation (mmap) failed to map 257949696 bytes for G1 virtual space
# Possible reasons:
#   The system is out of physical RAM or swap space
#   The process is running with CompressedOops enabled, and the Java Heap may be blocking the growth of the native heap
# Possible solutions:
#   Reduce memory load on the system
#   Increase physical memory or swap space
#   Check if swap backing store is full
#   Decrease Java heap size (-Xmx/-Xms)
#   Decrease number of Java threads
#   Decrease Java thread stack sizes (-Xss)
#   Set larger code cache with -XX:ReservedCodeCacheSize=
#   JVM is running with Zero Based Compressed Oops mode in which the Java heap is
#     placed in the first 32GB address space. The Java Heap base address is the
#     maximum limit for the native heap growth. Please use -XX:HeapBaseMinAddress
#     to set the Java Heap base and to place the Java Heap above 32GB virtual address.
# This output file may be truncated or incomplete.
#
#  Out of Memory Error (os_windows.cpp:3771), pid=15944, tid=7816
#
# JRE version:  (17.0.7) (build )
# Java VM: OpenJDK 64-Bit Server VM (17.0.7+0-b2043.56-10550314, mixed mode, sharing, tiered, compressed oops, compressed class ptrs, g1 gc, windows-amd64)
# No core dump will be written. Minidumps are not enabled by default on client versions of Windows
#

---------------  S U M M A R Y ------------

Command Line: org.jetbrains.kotlin.cli.jvm.K2JVMCompiler @D:\my\Projects\Kotlin\Guide\EAblautova_mob\app\build\20240518_15937936144208183614.compiler.options

Host: AMD Ryzen 7 4700U with Radeon Graphics         , 8 cores, 15G,  Windows 10 , 64 bit Build 19041 (10.0.19041.3636)
Time: Sat May 18 23:36:33 2024 RTZ 2 (s 10 , 64 bit Build 19041 (10.0.19041.3636) elapsed time: 0.009164 seconds (0d 0h 0m 0s)

---------------  T H R E A D  ---------------

Current thread (0x000002f0039a20e0):  JavaThread "Unknown thread" [_thread_in_vm, id=7816, stack(0x000000fc98e00000,0x000000fc98f00000)]

Stack: [0x000000fc98e00000,0x000000fc98f00000]
Native frames: (J=compiled Java code, j=interpreted, Vv=VM code, C=native code)
V  [jvm.dll+0x683bfa]
V  [jvm.dll+0x8430a4]
V  [jvm.dll+0x8449be]
V  [jvm.dll+0x845023]
V  [jvm.dll+0x24ad2f]
V  [jvm.dll+0x680ac9]
V  [jvm.dll+0x67519a]
V  [jvm.dll+0x30b3cb]
V  [jvm.dll+0x312876]
V  [jvm.dll+0x36221e]
V  [jvm.dll+0x36244f]
V  [jvm.dll+0x2e14a8]
V  [jvm.dll+0x2e2414]
V  [jvm.dll+0x814391]
V  [jvm.dll+0x36ffe1]
V  [jvm.dll+0x7f396c]
V  [jvm.dll+0x3f305f]
V  [jvm.dll+0x3f4b91]
C  [jli.dll+0x528f]
C  [ucrtbase.dll+0x21bb2]
C  [KERNEL32.DLL+0x17344]
C  [ntdll.dll+0x526b1]


---------------  P R O C E S S  ---------------

Threads class SMR info:
_java_thread_list=0x00007ff9a00fd098, length=0, elements={
}

Java Threads: ( => current thread )

Other Threads:
  0x000002f003a0a820 GCTaskThread "GC Thread#0" [stack: 0x000000fc98f00000,0x000000fc99000000] [id=18340]
  0x000002f003a1ac30 ConcurrentGCThread "G1 Main Marker" [stack: 0x000000fc99000000,0x000000fc99100000] [id=7652]
  0x000002f003a1b540 ConcurrentGCThread "G1 Conc#0" [stack: 0x000000fc99100000,0x000000fc99200000] [id=11692]

[error occurred during error reporting (printing all threads), id 0xc0000005, EXCEPTION_ACCESS_VIOLATION (0xc0000005) at pc=0x00007ff99f8b2087]

VM state: not at safepoint (not fully initialized)

VM Mutex/Monitor currently owned by a thread:  ([mutex/lock_event])
[0x000002f00399d3a0] Heap_lock - owner thread: 0x000002f0039a20e0

Heap address: 0x000000070a200000, size: 3934 MB, Compressed Oops mode: Zero based, Oop shift amount: 3

CDS archive(s) mapped at: [0x0000000000000000-0x0000000000000000-0x0000000000000000), size 0, SharedBaseAddress: 0x0000000800000000, ArchiveRelocationMode: 0.
Narrow klass base: 0x0000000000000000, Narrow klass shift: 0, Narrow klass range: 0x0

GC Precious Log:
<Empty>

Heap:
 garbage-first heap   total 0K, used 0K [0x000000070a200000, 0x0000000800000000)
  region size 2048K, 0 young (0K), 0 survivors (0K)
 Metaspace       used 0K, committed 0K, reserved 0K
  class space    used 0K, committed 0K, reserved 0K

Heap Regions: E=young(eden), S=young(survivor), O=old, HS=humongous(starts), HC=humongous(continues), CS=collection set, F=free, OA=open archive, CA=closed archive, TAMS=top-at-mark-start (previous, next)

Card table byte_map: [0x000002f016950000,0x000002f017100000] _byte_map_base: 0x000002f0130ff000

Marking Bits (Prev, Next): (CMBitMap*) 0x000002f003a0ad30, (CMBitMap*) 0x000002f003a0ad70
 Prev Bits: [0x000002f0178b0000, 0x000002f01b628000)
 Next Bits: [0x000002f01b630000, 0x000002f01f3a8000)

GC Heap History (0 events):
No events

Dll operation events (1 events):
Event: 0.006 Loaded shared library C:\Android\Android Studio\jbr\bin\java.dll

Deoptimization events (0 events):
No events

Classes unloaded (0 events):
No events

Classes redefined (0 events):
No events

Internal exceptions (0 events):
No events

VM Operations (0 events):
No events

Events (0 events):
No events


Dynamic libraries:
0x00007ff7fed30000 - 0x00007ff7fed3a000 	C:\Android\Android Studio\jbr\bin\java.exe
0x00007ffa397d0000 - 0x00007ffa399c8000 	C:\windows\SYSTEM32\ntdll.dll
0x00007ffa395f0000 - 0x00007ffa396ad000 	C:\windows\System32\KERNEL32.DLL
0x00007ffa372e0000 - 0x00007ffa375d6000 	C:\windows\System32\KERNELBASE.dll
0x0000000050f20000 - 0x0000000050fbc000 	C:\ProgramData\Symantec\Symantec Endpoint Protection\14.3.8268.5000.105\Data\Sysfer\x64\sysfer.dll
0x00007ffa37700000 - 0x00007ffa37800000 	C:\windows\System32\ucrtbase.dll
0x00007ffa23550000 - 0x00007ffa2356b000 	C:\Android\Android Studio\jbr\bin\VCRUNTIME140.dll
0x00007ffa105d0000 - 0x00007ffa105e7000 	C:\Android\Android Studio\jbr\bin\jli.dll
0x00007ffa38c10000 - 0x00007ffa38daf000 	C:\windows\System32\USER32.dll
0x00007ffa36e80000 - 0x00007ffa36ea2000 	C:\windows\System32\win32u.dll
0x00007ffa39490000 - 0x00007ffa394bb000 	C:\windows\System32\GDI32.dll
0x00007ffa1fe20000 - 0x00007ffa200ba000 	C:\windows\WinSxS\amd64_microsoft.windows.common-controls_6595b64144ccf1df_6.0.19041.4355_none_60b8b9eb71f62e16\COMCTL32.dll
0x00007ffa375e0000 - 0x00007ffa376f7000 	C:\windows\System32\gdi32full.dll
0x00007ffa37f20000 - 0x00007ffa37fbe000 	C:\windows\System32\msvcrt.dll
0x00007ffa37000000 - 0x00007ffa3709d000 	C:\windows\System32\msvcp_win.dll
0x00007ffa37fc0000 - 0x00007ffa37ff2000 	C:\windows\System32\IMM32.DLL
0x00007ffa32960000 - 0x00007ffa3296c000 	C:\Android\Android Studio\jbr\bin\vcruntime140_1.dll
0x00007ffa00090000 - 0x00007ffa0011d000 	C:\Android\Android Studio\jbr\bin\msvcp140.dll
0x00007ff99f5c0000 - 0x00007ff9a0240000 	C:\Android\Android Studio\jbr\bin\server\jvm.dll
0x00007ffa37be0000 - 0x00007ffa37c90000 	C:\windows\System32\ADVAPI32.dll
0x00007ffa37990000 - 0x00007ffa37a30000 	C:\windows\System32\sechost.dll
0x00007ffa38db0000 - 0x00007ffa38ed3000 	C:\windows\System32\RPCRT4.dll
0x00007ffa36f60000 - 0x00007ffa36f87000 	C:\windows\System32\bcrypt.dll
0x00007ffa1fda0000 - 0x00007ffa1fda9000 	C:\windows\SYSTEM32\WSOCK32.dll
0x00007ffa37800000 - 0x00007ffa3786b000 	C:\windows\System32\WS2_32.dll
0x00007ffa2c6e0000 - 0x00007ffa2c707000 	C:\windows\SYSTEM32\WINMM.dll
0x00007ffa30ba0000 - 0x00007ffa30baa000 	C:\windows\SYSTEM32\VERSION.dll
0x00007ffa34ce0000 - 0x00007ffa34cf2000 	C:\windows\SYSTEM32\kernel.appcore.dll
0x00007ffa32930000 - 0x00007ffa3293a000 	C:\Android\Android Studio\jbr\bin\jimage.dll
0x00007ffa2c910000 - 0x00007ffa2caf4000 	C:\windows\SYSTEM32\DBGHELP.DLL
0x00007ffa21ee0000 - 0x00007ffa21f14000 	C:\windows\SYSTEM32\dbgcore.DLL
0x00007ffa37200000 - 0x00007ffa37282000 	C:\windows\System32\bcryptPrimitives.dll
0x00007ffa0f9a0000 - 0x00007ffa0f9c5000 	C:\Android\Android Studio\jbr\bin\java.dll

dbghelp: loaded successfully - version: 4.0.5 - missing functions: none
symbol engine: initialized successfully - sym options: 0x614 - pdb path: .;C:\Android\Android Studio\jbr\bin;C:\windows\SYSTEM32;C:\ProgramData\Symantec\Symantec Endpoint Protection\14.3.8268.5000.105\Data\Sysfer\x64;C:\windows\WinSxS\amd64_microsoft.windows.common-controls_6595b64144ccf1df_6.0.19041.4355_none_60b8b9eb71f62e16;C:\Android\Android Studio\jbr\bin\server

VM Arguments:
java_command: org.jetbrains.kotlin.cli.jvm.K2JVMCompiler @D:\my\Projects\Kotlin\Guide\EAblautova_mob\app\build\20240518_15937936144208183614.compiler.options
java_class_path (initial): C:\Users\Pearl Linkin Korn\.gradle\caches\modules-2\files-2.1\org.jetbrains.kotlin\kotlin-compiler-embeddable\1.9.23\460f3eeb4ac5383e60a09898bafa9b63838cc2ea\kotlin-compiler-embeddable-1.9.23.jar;C:\Users\Pearl Linkin Korn\.gradle\caches\modules-2\files-2.1\org.jetbrains.kotlin\kotlin-stdlib\1.9.23\dbaadea1f5e68f790d242a91a38355a83ec38747\kotlin-stdlib-1.9.23.jar;C:\Users\Pearl Linkin Korn\.gradle\caches\modules-2\files-2.1\org.jetbrains.kotlin\kotlin-script-runtime\1.9.23\1375a7343d05891119fac57f8b50a7578420ac27\kotlin-script-runtime-1.9.23.jar;C:\Users\Pearl Linkin Korn\.gradle\caches\modules-2\files-2.1\org.jetbrains.kotlin\kotlin-reflect\1.6.10\1cbe9c92c12a94eea200d23c2bbaedaf3daf5132\kotlin-reflect-1.6.10.jar;C:\Users\Pearl Linkin Korn\.gradle\caches\modules-2\files-2.1\org.jetbrains.kotlin\kotlin-daemon-embeddable\1.9.23\a6ad5e888015dc4f9eb828ea753167f256093c6a\kotlin-daemon-embeddable-1.9.23.jar;C:\Users\Pearl Linkin Korn\.gradle\caches\modules-2\files-2.1\org.jetbrains.intellij.deps\trove4j\1.0.20200330\3afb14d5f9ceb459d724e907a21145e8ff394f02\trove4j-1.0.20200330.jar;C:\Users\Pearl Linkin Korn\.gradle\caches\modules-2\files-2.1\org.jetbrains\annotations\13.0\919f0dfe192fb4e063e7dacadee7f8bb9a2672a9\annotations-13.0.jar
Launcher Type: SUN_STANDARD

[Global flags]
     intx CICompilerCount                          = 4                                         {product} {ergonomic}
     uint ConcGCThreads                            = 2                                         {product} {ergonomic}
     uint G1ConcRefinementThreads                  = 8                                         {product} {ergonomic}
   size_t G1HeapRegionSize                         = 2097152                                   {product} {ergonomic}
    uintx GCDrainStackTargetSize                   = 64                                        {product} {ergonomic}
   size_t InitialHeapSize                          = 257949696                                 {product} {ergonomic}
   size_t MarkStackSize                            = 4194304                                   {product} {ergonomic}
   size_t MaxHeapSize                              = 4125097984                                {product} {ergonomic}
   size_t MinHeapDeltaBytes                        = 2097152                                   {product} {ergonomic}
   size_t MinHeapSize                              = 8388608                                   {product} {ergonomic}
    uintx NonNMethodCodeHeapSize                   = 5839372                                {pd product} {ergonomic}
    uintx NonProfiledCodeHeapSize                  = 122909434                              {pd product} {ergonomic}
    uintx ProfiledCodeHeapSize                     = 122909434                              {pd product} {ergonomic}
    uintx ReservedCodeCacheSize                    = 251658240                              {pd product} {ergonomic}
     bool SegmentedCodeCache                       = true                                      {product} {ergonomic}
   size_t SoftMaxHeapSize                          = 4125097984                             {manageable} {ergonomic}
     bool UseCompressedClassPointers               = true                           {product lp64_product} {ergonomic}
     bool UseCompressedOops                        = true                           {product lp64_product} {ergonomic}
     bool UseG1GC                                  = true                                      {product} {ergonomic}
     bool UseLargePagesIndividualAllocation        = false                                  {pd product} {ergonomic}

Logging:
Log output configuration:
 #0: stdout all=warning uptime,level,tags
 #1: stderr all=off uptime,level,tags

Environment Variables:
PATH=C:\ProgramData\Oracle\Java\javapath;C:\Program Files\Common Files\Oracle\Java\javapath;C:\Program Files (x86)\VMware\VMware Workstation\bin\;C:\windows\system32;C:\windows;C:\windows\System32\Wbem;C:\windows\System32\WindowsPowerShell\v1.0\;C:\windows\System32\OpenSSH\;C:\Program Files\dotnet\;C:\MinGW\bin;C:\Users\home\AppData\Local\Programs\Python\Python39\Scripts;C:\Users\home\AppData\Local\Programs\Python\Python39;C:\Program Files\Git\cmd;C:\Program Files\PuTTY\;C:\Users\Pearl Linkin Korn\AppData\Local\Microsoft\WindowsApps;;C:\Users\Pearl Linkin Korn\AppData\Local\Programs\Microsoft VS Code\bin;C:\Users\Pearl Linkin Korn\.dotnet\tools
USERNAME=Pearl Linkin Korn
OS=Windows_NT
PROCESSOR_IDENTIFIER=AMD64 Family 23 Model 96 Stepping 1, AuthenticAMD
TMP=C:\Users\PEARLL~1\AppData\Local\Temp
TEMP=C:\Users\PEARLL~1\AppData\Local\Temp


JNI global refs:
JNI global refs: 0, weak refs: 0

JNI global refs memory usage: 0, weak refs: 0

OOME stack traces (most recent first):
Classloader memory used:


---------------  S Y S T E M  ---------------

OS:
 Windows 10 , 64 bit Build 19041 (10.0.19041.3636)
OS uptime: 0 days 2:56 hours

CPU: total 8 (initial active 8) (8 cores per cpu, 1 threads per core) family 23 model 96 stepping 1 microcode 0x0, cx8, cmov, fxsr, mmx, 3dnowpref, sse, sse2, sse3, ssse3, sse4a, sse4.1, sse4.2, popcnt, lzcnt, tsc, tscinvbit, avx, avx2, aes, clmul, bmi1, bmi2, adx, sha, fma, vzeroupper, clflush, clflushopt

Memory: 4k page, system-wide physical 15733M (2791M free)
TotalPageFile size 25525M (AvailPageFile size 84M)
current process WorkingSet (physical memory assigned to process): 10M, peak: 10M
current process commit charge ("private bytes"): 60M, peak: 306M

vm_info: OpenJDK 64-Bit Server VM (17.0.7+0-b2043.56-10550314) for windows-amd64 JRE (17.0.7+0-b2043.56-10550314), built on Jul 24 2023 18:27:45 by "androidbuild" with MS VC++ 16.10 / 16.11 (VS2019)

END.
